<?xml version="1.0" encoding="UTF-8"?>
<!-- Generated by org.testng.reporters.JUnitXMLReporter -->
<testsuite hostname="DESKTOP-882HC8H" name="Default test" tests="3" failures="0" timestamp="1 Nov 2019 03:25:45 GMT" time="0.044" errors="0">
  <testcase name="f" time="0.0" classname="testngDemo.NewTest">
    <skipped/>
  </testcase> <!-- f -->
  <testcase name="f1" time="0.0" classname="testngDemo.NewTest">
    <skipped/>
  </testcase> <!-- f1 -->
  <testcase name="f2" time="0.0" classname="testngDemo.NewTest">
    <skipped/>
  </testcase> <!-- f2 -->
</testsuite> <!-- Default test -->
