<?xml version="1.0" encoding="UTF-8"?>
<!-- Generated by org.testng.reporters.JUnitXMLReporter -->
<testsuite hostname="DESKTOP-882HC8H" name="TestChrome" tests="3" failures="1" timestamp="1 Nov 2019 03:37:09 GMT" time="0.069" errors="0">
  <testcase name="f" time="0.02" classname="testngDemo.NewTest">
    <failure type="java.lang.AssertionError" message="expected [true] but found [false]">
      <![CDATA[java.lang.AssertionError: expected [true] but found [false]
	at testngDemo.NewTest.f(NewTest.java:34)
... Removed 29 stack frames]]>
    </failure>
  </testcase> <!-- f -->
  <testcase name="f1" time="0.001" classname="testngDemo.NewTest"/>
  <testcase name="f2" time="0.001" classname="testngDemo.NewTest"/>
</testsuite> <!-- TestChrome -->
