<?xml version="1.0" encoding="UTF-8"?>
<!-- Generated by org.testng.reporters.JUnitXMLReporter -->
<testsuite hostname="DESKTOP-882HC8H" name="TestFireFox" tests="3" failures="1" timestamp="1 Nov 2019 07:04:10 GMT" time="0.031" errors="0">
  <testcase name="f" time="0.009" classname="testngDemo.NewTest">
    <failure type="java.lang.AssertionError" message="expected [true] but found [false]">
      <![CDATA[java.lang.AssertionError: expected [true] but found [false]
	at testngDemo.NewTest.f(NewTest.java:34)
... Removed 29 stack frames]]>
    </failure>
  </testcase> <!-- f -->
  <testcase name="f1" time="0.004" classname="testngDemo.NewTest"/>
  <testcase name="f2" time="0.005" classname="testngDemo.NewTest"/>
</testsuite> <!-- TestFireFox -->
